<?xml version="1.0" encoding="UTF-8"?>
<testsuite name="ServiceTest2" tests="1" skipped="0" failures="0" errors="0" timestamp="2021-03-31T20:02:49" hostname="techâ€™s-MacBook-Pro" time="0.409">
  <properties/>
  <testcase name="testQuery()" classname="ServiceTest2" time="0.409"/>
  <system-out><![CDATA[]]></system-out>
  <system-err><![CDATA[]]></system-err>
</testsuite>
